# LogicTest: 5node

statement ok
CREATE TABLE t (a INT PRIMARY KEY, b INT, c INT)

# Move the single range to a remote node.
statement ok
ALTER TABLE t EXPERIMENTAL_RELOCATE VALUES (ARRAY[2], 2);

# There are no stats on the table, so the single flow should stay on the remote
# node.
query T
EXPLAIN (VEC) SELECT * FROM t AS t1, t AS t2 WHERE t1.a = t2.b
----
│
├ Node 1
│ └ *colrpc.Inbox
└ Node 2
  └ *colrpc.Outbox
    └ *colexecjoin.hashJoiner
      ├ *colfetcher.ColBatchScan
      └ *colfetcher.ColBatchScan

query T
EXPLAIN (DISTSQL) SELECT * FROM t AS t1, t AS t2 WHERE t1.a = t2.b
----
distribution: full
vectorized: true
·
• hash join
│ equality: (a) = (b)
│ left cols are key
│
├── • scan
│     missing stats
│     table: t@t_pkey
│     spans: FULL SCAN
│
└── • scan
      missing stats
      table: t@t_pkey
      spans: FULL SCAN
·
Diagram: https://cockroachdb.github.io/distsqlplan/decode.html#eJysklFr2zAQx9_3KcQ9JUNpLDnbg6Dg0njUI026OLDBKEWxL4mpY3nSma6EfPdhp10T06TbmB6MdTr97v8_3QbcjxwUhN9uRhfRmHWGUTyLv4y6LA5H4eWMvWefppNrRuwiZiT4049kX6_CachInGl2zkiezYFDYVIc6zU6UN9BAAcJtxxKaxJ0ztg6vGmSovQnKI9DVpQV1eFbDomxCGoDlFGOoGBseqbs-8AhRdJZ3qRtOZiKXi450ksENdirEg1B-Vu-V0icLjTT8xynqFO0fe-gHFBAd-U9PgKHS5NX68Ippjmbc5YAh7jUdaAHx2SJlizvX2WJ_ypLtmSJo7Je1FSFsSlaTNvv8XbKK96utFt9NlmBti8PreW4oE4guuc2W66oE8gucJhUpFggeCB54PNgwIMPPPh41J_f8icP_L0xdlN0pSkc_tHcea1KPVG7xXSJu-45U9kEb6xJmtzddtKAmkCKjnang90mKp6PHFnU699Ts08SJ0n-AUmcJMm_IMl9kmiT_JMk77g7WXdskZuHuywFBd7T6r3yeV5QX9BLVz9bvDIPDXb2WNZNX-jcIYdrfY9DJLTrrMgcZQkoshVut-9-BQAA__9iPZLx

# Inject stats so that column 'b' has few unique values whereas column 'c' has
# many unique values.
statement ok
ALTER TABLE t INJECT STATISTICS '[
  {
    "columns": ["a"],
    "created_at": "2018-01-01 1:00:00.00000+00:00",
    "row_count": 10000,
    "distinct_count": 10000
  },
  {
    "columns": ["b"],
    "created_at": "2018-01-01 1:00:00.00000+00:00",
    "row_count": 10000,
    "distinct_count": 3
  },
  {
    "columns": ["c"],
    "created_at": "2018-01-01 1:00:00.00000+00:00",
    "row_count": 10000,
    "distinct_count": 100
  }
]'

# Now check that the single flow with a join is moved to the gateway.
query T
EXPLAIN (VEC) SELECT * FROM t AS t1, t AS t2 WHERE t1.a = t2.b
----
│
└ Node 1
  └ *colexecjoin.hashJoiner
    ├ *colfetcher.ColBatchScan
    └ *colfetcher.ColBatchScan

query T
EXPLAIN (DISTSQL) SELECT * FROM t AS t1, t AS t2 WHERE t1.a = t2.b
----
distribution: local
vectorized: true
·
• hash join
│ estimated row count: 10,000
│ equality: (a) = (b)
│ left cols are key
│
├── • scan
│     estimated row count: 10,000 (100% of the table; stats collected <hidden> ago)
│     table: t@t_pkey
│     spans: FULL SCAN
│
└── • scan
      estimated row count: 10,000 (100% of the table; stats collected <hidden> ago)
      table: t@t_pkey
      spans: FULL SCAN
·
Diagram: https://cockroachdb.github.io/distsqlplan/decode.html#eJysktFr2zAQxt_3V4h7asaltZRtD4KCS5NRj7Tp4sAGwxTFviSmjuVJZ7oS8r8PO92amHSjY3ow1un0u-_70Ab89wI0jL7eji-iG3EyjOJZ_HncE_FoPLqcibfi43RyLVhcxIIlPv0o8eVqNB0JlqdGnAtWp3NAKG1GN2ZNHvQ3kJAgVM6m5L11TWnTNkTZD9ABQl5WNTflBCG1jkBvgHMuCDTMzLygKZmM3FkACBmxyYsWyyHfVff0CAiXtqjXpdfCoJijSAEhrkxT6EOyRbA1P4_wbJYEWu5pioaggy3-myz5X2Wpjiz5oqxnNXVpXUaOsgMlSXPzby1HvF0Zv_pk85LcmTq0VtCCT0LZO3f5csUnoeoBwqRmLUKJocJwgOE7DN9j-OFFf4OOP_Wa2KfkK1t66vo8OinoTOrLxi1lS9ql523tUrp1Nm17d9tJC2oLGXnenardJirbI9lMcGTWv1_NPkm-gqT2SbJLUn8kDQ5IwaGmBGFR2Ie7PAMNwdPqH_n8WtBcMEvfhB2v7EOLnT1WTVQLU3hCuDb3NCQmt87L3HOegmZX03b75mcAAAD__wrGV6A=


# If we add a not very selective filter, the flow is still moved to the gateway.
query T
EXPLAIN (VEC) SELECT * FROM t AS t1, t AS t2 WHERE t1.b = 1 AND t1.a = t2.a
----
│
└ Node 1
  └ *colexecjoin.mergeJoinInnerOp
    ├ *colfetcher.ColBatchScan
    └ *colexecsel.selEQInt64Int64ConstOp
      └ *colfetcher.ColBatchScan

query T
EXPLAIN (DISTSQL) SELECT * FROM t AS t1, t AS t2 WHERE t1.b = 1 AND t1.a = t2.a
----
distribution: local
vectorized: true
·
• merge join
│ estimated row count: 3,333
│ equality: (a) = (a)
│ left cols are key
│ right cols are key
│
├── • scan
│     estimated row count: 10,000 (100% of the table; stats collected <hidden> ago)
│     table: t@t_pkey
│     spans: FULL SCAN
│
└── • filter
    │ estimated row count: 3,333
    │ filter: b = 1
    │
    └── • scan
          estimated row count: 10,000 (100% of the table; stats collected <hidden> ago)
          table: t@t_pkey
          spans: FULL SCAN
·
Diagram: https://cockroachdb.github.io/distsqlplan/decode.html#eJyskl9r2zAUxd_3KcR9ajalsWRnDEHAoUmZR_50cWCDEYpi36SmjuVJMl0J-e7DdrcmJsmWMT8Y6Ur6nXN0tQXzPQUBw693o34wIVeDIJyHn0ctEg5Hw5s5eUtuZ9MxsaQfEsvoy4CTLx-HsyG5sux6SXqEtUh_MqimkvSI5deyBRQyFeNEbtCA-AYMFhRyrSI0RumytK02BPEPEA6FJMsLW5YXFCKlEcQWbGJTBAFzuUxxhjJG3XGAQoxWJmmFtb69zx_xGSjcqLTYZEYQScmSkggohLksC21Y7Ciowr5KGCvXCILteQoGIJwd_Tdb7L_a4g1b7BJbt0lqUaPu8ENPdV0Qn5ctE0IEk_mHkxbchgV-0sKrcpEpHaPG-EB4UZ7805YjOcao1_hJJRnqjnsYJcWVvfLZu1ZPJ-uHeggUpoUVxPeo36X-e-oz6nPquycjeo2I7iW3PFFtlXe8ZtKjQt2GkHeJ0AxNrjKDf6XkNJTarLxZjNdYd8qoQkd4p1VU7a2n0wpUFWI0tl5160mQVUusVNAoN79f4z6JnSXxA5KzT3KaJH6BJ75P4k2Se5bknfbkNkneWVL3XLoFhVWqnu6TGAQ4L1_7yO_XB-UBuTblAwgf1FOFnT_nZftWMjVIYSwfcYAW9SbJEmOTCITVBe52b34GAAD__75k2MI=

# However, if we add a selective filter, the flow is kept on the remote node.
query T
EXPLAIN (VEC) SELECT * FROM t AS t1 INNER MERGE JOIN t AS t2 ON t1.a = t2.a WHERE t1.c = 1
----
│
├ Node 1
│ └ *colrpc.Inbox
└ Node 2
  └ *colrpc.Outbox
    └ *colexecjoin.mergeJoinInnerOp
      ├ *colexecsel.selEQInt64Int64ConstOp
      │ └ *colfetcher.ColBatchScan
      └ *colfetcher.ColBatchScan

query T
EXPLAIN (DISTSQL) SELECT * FROM t AS t1 INNER MERGE JOIN t AS t2 ON t1.a = t2.a WHERE t1.c = 1
----
distribution: full
vectorized: true
·
• merge join
│ estimated row count: 100
│ equality: (a) = (a)
│ left cols are key
│ right cols are key
│
├── • filter
│   │ estimated row count: 100
│   │ filter: c = 1
│   │
│   └── • scan
│         estimated row count: 10,000 (100% of the table; stats collected <hidden> ago)
│         table: t@t_pkey
│         spans: FULL SCAN
│
└── • scan
      estimated row count: 10,000 (100% of the table; stats collected <hidden> ago)
      table: t@t_pkey
      spans: FULL SCAN
·
Diagram: https://cockroachdb.github.io/distsqlplan/decode.html#eJysktFr2zAQxt_3V4h7ajelsWx3DEHBpXU3l8Tp7MAGoxTVvqSmjuVJMl0J-d-H7HZNTJMuY34I8afT777vfEvQP0vgEH6_Gp1GMTk4j9Jp-nV0SNJwFJ5NyXtykUzGxJDTlBhGojgOEzIOk88huZxE8dOBSyYxMexIkBNi3CNBvn0Jk9AqGTkhDChUMsdYLFAD_wFWcOGaQq1khlpLZeVlWxTlv4A7FIqqboyVrylkUiHwJZjClAgcYjmQ9dAHCjkaUZRt2YqCbMzLJW3EHIEfr3WJzoH7K7rWiO1uNBW3JSYoclRDZ6MdmMDc1Pf4CBTOZNksKs2JoOSWkgwopLWwwgC22WI9W84-ti6K0qBCNWSbnjqdk8CzU-ecR_H001YLbs8C-9fJuP91Ml7PlrvV1oubppIqR4V5fyXeLnkl2xjVHC9lUaEaepvZSpyZg4B9ODxRxfyu-wsUJo3hJGA0cGng0cCnwTENPm6N6PciehsR31j-BHUtK41_tf1Or9OA2cCYz7EboJaNyvBKyayt7V4nLagVctSmOz3uXqLq-UgbhWLxZ3fXSWwnyd2D5O4k-Rsktk5ifZK3B8ldJ7l9kr-T5GxP59nZz0r5cFPkwMF5egav_Dw_YC-IubYLkN7JhxY7fazt55uJUiOFsbjHczSoFkVVaFNkwI1qcLV69zsAAP__78Xc4A==
